<?xml version="1.0" encoding="UTF-8"?>
<!-- Generated by org.testng.reporters.JUnitReportReporter -->
<testsuite hostname="DESKTOP-MHFA5LB" failures="0" tests="1" name="com.qa.swaglabs.tests.AddProductToCartTest" time="49.178" errors="0" timestamp="2024-07-18T21:27:36 IST" skipped="0">
  <testcase classname="com.qa.swaglabs.tests.AddProductToCartTest" name="addProductToCartTest" time="49.178"/>
  <system-out/>
</testsuite> <!-- com.qa.swaglabs.tests.AddProductToCartTest -->
