<?xml version="1.0" encoding="UTF-8"?>
<!-- Generated by org.testng.reporters.JUnitReportReporter -->
<testsuite hostname="BOOK-KGT1HJ2FI7" failures="0" tests="1" name="com.qa.swaglabs.tests.AddProductToCartTest" time="3.904" errors="0" timestamp="2024-08-08T19:50:22 IST" skipped="0">
  <testcase classname="com.qa.swaglabs.tests.AddProductToCartTest" name="addProductToCartTest" time="3.904"/>
</testsuite> <!-- com.qa.swaglabs.tests.AddProductToCartTest -->
