<?xml version="1.0" encoding="UTF-8"?>
<!-- Generated by org.testng.reporters.JUnitReportReporter -->
<testsuite hostname="BOOK-KGT1HJ2FI7" failures="0" tests="3" name="com.qa.swaglabs.tests.LoginTest" time="8.649" errors="0" timestamp="2024-07-28T19:46:56 IST" skipped="0">
  <testcase classname="com.qa.swaglabs.tests.LoginTest" name="loginPageTitleTest" time="4.996"/>
  <testcase classname="com.qa.swaglabs.tests.LoginTest" name="loginIntoAppTest" time="1.957"/>
  <testcase classname="com.qa.swaglabs.tests.LoginTest" name="lockedOutUserTest" time="1.696"/>
</testsuite> <!-- com.qa.swaglabs.tests.LoginTest -->
