<?xml version="1.0" encoding="UTF-8"?>
<!-- Generated by org.testng.reporters.JUnitReportReporter -->
<testsuite hostname="DESKTOP-MHFA5LB" failures="0" tests="1" name="com.qa.swaglabs.tests.AddProductToCartTest" time="67.953" errors="0" timestamp="2024-07-19T22:44:07 IST" skipped="0">
  <testcase classname="com.qa.swaglabs.tests.AddProductToCartTest" name="addProductToCartTest" time="67.953"/>
</testsuite> <!-- com.qa.swaglabs.tests.AddProductToCartTest -->
